0 info it worked if it ends with ok
1 verbose cli [ '/usr/bin/node', '/usr/bin/npm', 'bugs', 'vehicle-rent' ]
2 info using npm@3.5.2
3 info using node@v8.10.0
4 silly fetchPackageMetaData vehicle-rent
5 silly fetchNamedPackageData vehicle-rent
6 silly mapToRegistry name vehicle-rent
7 silly mapToRegistry using default registry
8 silly mapToRegistry registry https://registry.npmjs.org/
9 silly mapToRegistry uri https://registry.npmjs.org/vehicle-rent
10 verbose request uri https://registry.npmjs.org/vehicle-rent
11 verbose request no auth needed
12 info attempt registry request try #1 at 3:20:02 PM
13 verbose request id c3540af22c678ba5
14 http request GET https://registry.npmjs.org/vehicle-rent
15 http 404 https://registry.npmjs.org/vehicle-rent
16 verbose headers { date: 'Sun, 12 Dec 2021 08:20:04 GMT',
16 verbose headers   'content-type': 'application/json',
16 verbose headers   'content-length': '21',
16 verbose headers   connection: 'keep-alive',
16 verbose headers   'cf-ray': '6bc587fe8e3945c5-SIN',
16 verbose headers   vary: 'Accept-Encoding',
16 verbose headers   'expect-ct': 'max-age=604800, report-uri="https://report-uri.cloudflare.com/cdn-cgi/beacon/expect-ct"',
16 verbose headers   server: 'cloudflare' }
17 silly get cb [ 404,
17 silly get   { date: 'Sun, 12 Dec 2021 08:20:04 GMT',
17 silly get     'content-type': 'application/json',
17 silly get     'content-length': '21',
17 silly get     connection: 'keep-alive',
17 silly get     'cf-ray': '6bc587fe8e3945c5-SIN',
17 silly get     vary: 'Accept-Encoding',
17 silly get     'expect-ct': 'max-age=604800, report-uri="https://report-uri.cloudflare.com/cdn-cgi/beacon/expect-ct"',
17 silly get     server: 'cloudflare' } ]
18 silly fetchPackageMetaData Error: Not found : vehicle-rent
18 silly fetchPackageMetaData     at makeError (/usr/share/npm/node_modules/npm-registry-client/lib/request.js:264:12)
18 silly fetchPackageMetaData     at CachingRegistryClient.<anonymous> (/usr/share/npm/node_modules/npm-registry-client/lib/request.js:252:14)
18 silly fetchPackageMetaData     at Request._callback (/usr/share/npm/node_modules/npm-registry-client/lib/request.js:172:14)
18 silly fetchPackageMetaData     at Request.self.callback (/usr/share/npm/node_modules/request/request.js:198:22)
18 silly fetchPackageMetaData     at emitTwo (events.js:126:13)
18 silly fetchPackageMetaData     at Request.emit (events.js:214:7)
18 silly fetchPackageMetaData     at Request.<anonymous> (/usr/share/npm/node_modules/request/request.js:1082:10)
18 silly fetchPackageMetaData     at emitOne (events.js:121:20)
18 silly fetchPackageMetaData     at Request.emit (events.js:211:7)
18 silly fetchPackageMetaData     at IncomingMessage.<anonymous> (/usr/share/npm/node_modules/request/request.js:1009:12)
18 silly fetchPackageMetaData  error for vehicle-rent { Error: Not found : vehicle-rent
18 silly fetchPackageMetaData     at makeError (/usr/share/npm/node_modules/npm-registry-client/lib/request.js:264:12)
18 silly fetchPackageMetaData     at CachingRegistryClient.<anonymous> (/usr/share/npm/node_modules/npm-registry-client/lib/request.js:252:14)
18 silly fetchPackageMetaData     at Request._callback (/usr/share/npm/node_modules/npm-registry-client/lib/request.js:172:14)
18 silly fetchPackageMetaData     at Request.self.callback (/usr/share/npm/node_modules/request/request.js:198:22)
18 silly fetchPackageMetaData     at emitTwo (events.js:126:13)
18 silly fetchPackageMetaData     at Request.emit (events.js:214:7)
18 silly fetchPackageMetaData     at Request.<anonymous> (/usr/share/npm/node_modules/request/request.js:1082:10)
18 silly fetchPackageMetaData     at emitOne (events.js:121:20)
18 silly fetchPackageMetaData     at Request.emit (events.js:211:7)
18 silly fetchPackageMetaData     at IncomingMessage.<anonymous> (/usr/share/npm/node_modules/request/request.js:1009:12) pkgid: 'vehicle-rent', statusCode: 404, code: 'E404' }
19 verbose stack Error: Not found : vehicle-rent
19 verbose stack     at makeError (/usr/share/npm/node_modules/npm-registry-client/lib/request.js:264:12)
19 verbose stack     at CachingRegistryClient.<anonymous> (/usr/share/npm/node_modules/npm-registry-client/lib/request.js:252:14)
19 verbose stack     at Request._callback (/usr/share/npm/node_modules/npm-registry-client/lib/request.js:172:14)
19 verbose stack     at Request.self.callback (/usr/share/npm/node_modules/request/request.js:198:22)
19 verbose stack     at emitTwo (events.js:126:13)
19 verbose stack     at Request.emit (events.js:214:7)
19 verbose stack     at Request.<anonymous> (/usr/share/npm/node_modules/request/request.js:1082:10)
19 verbose stack     at emitOne (events.js:121:20)
19 verbose stack     at Request.emit (events.js:211:7)
19 verbose stack     at IncomingMessage.<anonymous> (/usr/share/npm/node_modules/request/request.js:1009:12)
20 verbose statusCode 404
21 verbose pkgid vehicle-rent
22 verbose cwd /home/fajar/Fazztrack/Technical Lesson/Beginner Backend/Vehicle Rent
23 error Linux 4.15.0-162-generic
24 error argv "/usr/bin/node" "/usr/bin/npm" "bugs" "vehicle-rent"
25 error node v8.10.0
26 error npm  v3.5.2
27 error code E404
28 error 404 Not found : vehicle-rent
29 error 404
30 error 404 'vehicle-rent' is not in the npm registry.
31 error 404 You should bug the author to publish it (or use the name yourself!)
32 error 404 Note that you can also install from a
33 error 404 tarball, folder, http url, or git url.
34 verbose exit [ 1, true ]
